<?xml version="1.0" encoding="UTF-8"?>
<!-- Generated by org.testng.reporters.JUnitXMLReporter -->
<testsuite hostname="C40-SF-22" name="Test3" tests="3" failures="0" timestamp="10 Feb 2017 11:08:51 GMT" time="225.862" errors="0">
  <testcase name="openPurchaseOrderRelease" time="9.345" classname="testScripts.ReleasePO"/>
  <testcase name="savePO" time="20.101" classname="testScripts.ReleasePO"/>
  <testcase name="confirmPO" time="20.049" classname="testScripts.ReleasePO"/>
</testsuite> <!-- Test3 -->
